Traceback (most recent call last):
  File "c:\users\hamba notebook\appdata\local\programs\python\python38\lib\site-packages\jupyter_cache\executors\utils.py", line 51, in single_nb_execution
    executenb(
  File "c:\users\hamba notebook\appdata\local\programs\python\python38\lib\site-packages\nbclient\client.py", line 1112, in execute
    return NotebookClient(nb=nb, resources=resources, km=km, **kwargs).execute()
  File "c:\users\hamba notebook\appdata\local\programs\python\python38\lib\site-packages\nbclient\util.py", line 74, in wrapped
    return just_run(coro(*args, **kwargs))
  File "c:\users\hamba notebook\appdata\local\programs\python\python38\lib\site-packages\nbclient\util.py", line 53, in just_run
    return loop.run_until_complete(coro)
  File "c:\users\hamba notebook\appdata\local\programs\python\python38\lib\asyncio\base_events.py", line 608, in run_until_complete
    return future.result()
  File "c:\users\hamba notebook\appdata\local\programs\python\python38\lib\site-packages\nbclient\client.py", line 553, in async_execute
    await self.async_execute_cell(
  File "c:\users\hamba notebook\appdata\local\programs\python\python38\lib\site-packages\nbclient\client.py", line 857, in async_execute_cell
    self._check_raise_for_error(cell, exec_reply)
  File "c:\users\hamba notebook\appdata\local\programs\python\python38\lib\site-packages\nbclient\client.py", line 760, in _check_raise_for_error
    raise CellExecutionError.from_cell_and_msg(cell, exec_reply_content)
nbclient.exceptions.CellExecutionError: An error occurred while executing the following cell:
------------------
import os
import pandas as pd

# Load Dataset
documents_list = []
with open( os.path.join("news.csv") ,"r") as fin:
    for line in fin.readlines():
        text = line.strip()
        documents_list.append(text)
------------------

[1;31m---------------------------------------------------------------------------[0m
[1;31mUnicodeDecodeError[0m                        Traceback (most recent call last)
[1;32m<ipython-input-4-2d2063b45fe3>[0m in [0;36m<module>[1;34m[0m
[0;32m      5[0m [0mdocuments_list[0m [1;33m=[0m [1;33m[[0m[1;33m][0m[1;33m[0m[1;33m[0m[0m
[0;32m      6[0m [1;32mwith[0m [0mopen[0m[1;33m([0m [0mos[0m[1;33m.[0m[0mpath[0m[1;33m.[0m[0mjoin[0m[1;33m([0m[1;34m"news.csv"[0m[1;33m)[0m [1;33m,[0m[1;34m"r"[0m[1;33m)[0m [1;32mas[0m [0mfin[0m[1;33m:[0m[1;33m[0m[1;33m[0m[0m
[1;32m----> 7[1;33m     [1;32mfor[0m [0mline[0m [1;32min[0m [0mfin[0m[1;33m.[0m[0mreadlines[0m[1;33m([0m[1;33m)[0m[1;33m:[0m[1;33m[0m[1;33m[0m[0m
[0m[0;32m      8[0m         [0mtext[0m [1;33m=[0m [0mline[0m[1;33m.[0m[0mstrip[0m[1;33m([0m[1;33m)[0m[1;33m[0m[1;33m[0m[0m
[0;32m      9[0m         [0mdocuments_list[0m[1;33m.[0m[0mappend[0m[1;33m([0m[0mtext[0m[1;33m)[0m[1;33m[0m[1;33m[0m[0m

[1;32mc:\users\hamba notebook\appdata\local\programs\python\python38\lib\encodings\cp1252.py[0m in [0;36mdecode[1;34m(self, input, final)[0m
[0;32m     21[0m [1;32mclass[0m [0mIncrementalDecoder[0m[1;33m([0m[0mcodecs[0m[1;33m.[0m[0mIncrementalDecoder[0m[1;33m)[0m[1;33m:[0m[1;33m[0m[1;33m[0m[0m
[0;32m     22[0m     [1;32mdef[0m [0mdecode[0m[1;33m([0m[0mself[0m[1;33m,[0m [0minput[0m[1;33m,[0m [0mfinal[0m[1;33m=[0m[1;32mFalse[0m[1;33m)[0m[1;33m:[0m[1;33m[0m[1;33m[0m[0m
[1;32m---> 23[1;33m         [1;32mreturn[0m [0mcodecs[0m[1;33m.[0m[0mcharmap_decode[0m[1;33m([0m[0minput[0m[1;33m,[0m[0mself[0m[1;33m.[0m[0merrors[0m[1;33m,[0m[0mdecoding_table[0m[1;33m)[0m[1;33m[[0m[1;36m0[0m[1;33m][0m[1;33m[0m[1;33m[0m[0m
[0m[0;32m     24[0m [1;33m[0m[0m
[0;32m     25[0m [1;32mclass[0m [0mStreamWriter[0m[1;33m([0m[0mCodec[0m[1;33m,[0m[0mcodecs[0m[1;33m.[0m[0mStreamWriter[0m[1;33m)[0m[1;33m:[0m[1;33m[0m[1;33m[0m[0m

[1;31mUnicodeDecodeError[0m: 'charmap' codec can't decode byte 0x9d in position 1003: character maps to <undefined>
UnicodeDecodeError: 'charmap' codec can't decode byte 0x9d in position 1003: character maps to <undefined>

